2021-02-18 20:30:16,485 workbenchAdd.py[line:35]INFO - 【开始执行用例:新增组件-组件名称为空】
2021-02-18 20:30:16,485 workbenchAdd.py[line:35]INFO - 【开始执行用例:新增组件-组件名称为空】
2021-02-18 20:30:16,485 workbenchAdd.py[line:40]INFO - 检查状态码为：{"code":60008}
2021-02-18 20:30:16,485 workbenchAdd.py[line:40]INFO - 检查状态码为：{"code":60008}
2021-02-18 20:30:16,485 workbenchAdd.py[line:41]INFO - 检查返回信息为：{"message":"部件名称不能为空"}
2021-02-18 20:30:16,485 workbenchAdd.py[line:41]INFO - 检查返回信息为：{"message":"部件名称不能为空"}
2021-02-18 20:30:16,495 workbenchAdd.py[line:35]INFO - 【开始执行用例:新增组件-组件编码为空】
2021-02-18 20:30:16,495 workbenchAdd.py[line:35]INFO - 【开始执行用例:新增组件-组件编码为空】
2021-02-18 20:30:16,495 workbenchAdd.py[line:35]INFO - 【开始执行用例:新增组件-组件编码为空】
2021-02-18 20:30:16,496 workbenchAdd.py[line:40]INFO - 检查状态码为：{"code":60010}
2021-02-18 20:30:16,496 workbenchAdd.py[line:40]INFO - 检查状态码为：{"code":60010}
2021-02-18 20:30:16,496 workbenchAdd.py[line:40]INFO - 检查状态码为：{"code":60010}
2021-02-18 20:30:16,496 workbenchAdd.py[line:41]INFO - 检查返回信息为：{"message":"部件编码不能为空"}
2021-02-18 20:30:16,496 workbenchAdd.py[line:41]INFO - 检查返回信息为：{"message":"部件编码不能为空"}
2021-02-18 20:30:16,496 workbenchAdd.py[line:41]INFO - 检查返回信息为：{"message":"部件编码不能为空"}
2021-02-18 20:30:16,501 workbenchAdd.py[line:35]INFO - 【开始执行用例:新增组件-组件内容为空】
2021-02-18 20:30:16,501 workbenchAdd.py[line:35]INFO - 【开始执行用例:新增组件-组件内容为空】
2021-02-18 20:30:16,501 workbenchAdd.py[line:35]INFO - 【开始执行用例:新增组件-组件内容为空】
2021-02-18 20:30:16,501 workbenchAdd.py[line:35]INFO - 【开始执行用例:新增组件-组件内容为空】
2021-02-18 20:30:16,509 workbenchAdd.py[line:40]INFO - 检查状态码为：{"code":60009}
2021-02-18 20:30:16,509 workbenchAdd.py[line:40]INFO - 检查状态码为：{"code":60009}
2021-02-18 20:30:16,509 workbenchAdd.py[line:40]INFO - 检查状态码为：{"code":60009}
2021-02-18 20:30:16,509 workbenchAdd.py[line:40]INFO - 检查状态码为：{"code":60009}
2021-02-18 20:30:16,510 workbenchAdd.py[line:41]INFO - 检查返回信息为：{"message":"内容url不能为空"}
2021-02-18 20:30:16,510 workbenchAdd.py[line:41]INFO - 检查返回信息为：{"message":"内容url不能为空"}
2021-02-18 20:30:16,510 workbenchAdd.py[line:41]INFO - 检查返回信息为：{"message":"内容url不能为空"}
2021-02-18 20:30:16,510 workbenchAdd.py[line:41]INFO - 检查返回信息为：{"message":"内容url不能为空"}
2021-02-18 20:30:16,514 workbenchAdd.py[line:35]INFO - 【开始执行用例:新增组件-组件组件类型为空】
2021-02-18 20:30:16,514 workbenchAdd.py[line:35]INFO - 【开始执行用例:新增组件-组件组件类型为空】
2021-02-18 20:30:16,514 workbenchAdd.py[line:35]INFO - 【开始执行用例:新增组件-组件组件类型为空】
2021-02-18 20:30:16,514 workbenchAdd.py[line:35]INFO - 【开始执行用例:新增组件-组件组件类型为空】
2021-02-18 20:30:16,514 workbenchAdd.py[line:35]INFO - 【开始执行用例:新增组件-组件组件类型为空】
2021-02-18 20:30:16,526 workbenchAdd.py[line:40]INFO - 检查状态码为：{"code":60013}
2021-02-18 20:30:16,526 workbenchAdd.py[line:40]INFO - 检查状态码为：{"code":60013}
2021-02-18 20:30:16,526 workbenchAdd.py[line:40]INFO - 检查状态码为：{"code":60013}
2021-02-18 20:30:16,526 workbenchAdd.py[line:40]INFO - 检查状态码为：{"code":60013}
2021-02-18 20:30:16,526 workbenchAdd.py[line:40]INFO - 检查状态码为：{"code":60013}
2021-02-18 20:30:16,527 workbenchAdd.py[line:41]INFO - 检查返回信息为：{"message":"部件规格分类不能为空"}
2021-02-18 20:30:16,527 workbenchAdd.py[line:41]INFO - 检查返回信息为：{"message":"部件规格分类不能为空"}
2021-02-18 20:30:16,527 workbenchAdd.py[line:41]INFO - 检查返回信息为：{"message":"部件规格分类不能为空"}
2021-02-18 20:30:16,527 workbenchAdd.py[line:41]INFO - 检查返回信息为：{"message":"部件规格分类不能为空"}
2021-02-18 20:30:16,527 workbenchAdd.py[line:41]INFO - 检查返回信息为：{"message":"部件规格分类不能为空"}
2021-02-18 20:30:16,541 workbenchAdd.py[line:35]INFO - 【开始执行用例:新增组件-新增成功】
2021-02-18 20:30:16,541 workbenchAdd.py[line:35]INFO - 【开始执行用例:新增组件-新增成功】
2021-02-18 20:30:16,541 workbenchAdd.py[line:35]INFO - 【开始执行用例:新增组件-新增成功】
2021-02-18 20:30:16,541 workbenchAdd.py[line:35]INFO - 【开始执行用例:新增组件-新增成功】
2021-02-18 20:30:16,541 workbenchAdd.py[line:35]INFO - 【开始执行用例:新增组件-新增成功】
2021-02-18 20:30:16,541 workbenchAdd.py[line:35]INFO - 【开始执行用例:新增组件-新增成功】
2021-02-18 20:30:16,543 workbenchAdd.py[line:40]INFO - 检查状态码为：{"code":200}
2021-02-18 20:30:16,543 workbenchAdd.py[line:40]INFO - 检查状态码为：{"code":200}
2021-02-18 20:30:16,543 workbenchAdd.py[line:40]INFO - 检查状态码为：{"code":200}
2021-02-18 20:30:16,543 workbenchAdd.py[line:40]INFO - 检查状态码为：{"code":200}
2021-02-18 20:30:16,543 workbenchAdd.py[line:40]INFO - 检查状态码为：{"code":200}
2021-02-18 20:30:16,543 workbenchAdd.py[line:40]INFO - 检查状态码为：{"code":200}
2021-02-18 20:30:16,543 workbenchAdd.py[line:41]INFO - 检查返回信息为：
2021-02-18 20:30:16,543 workbenchAdd.py[line:41]INFO - 检查返回信息为：
2021-02-18 20:30:16,543 workbenchAdd.py[line:41]INFO - 检查返回信息为：
2021-02-18 20:30:16,543 workbenchAdd.py[line:41]INFO - 检查返回信息为：
2021-02-18 20:30:16,543 workbenchAdd.py[line:41]INFO - 检查返回信息为：
2021-02-18 20:30:16,543 workbenchAdd.py[line:41]INFO - 检查返回信息为：
2021-02-18 20:30:16,546 workbenchAdd.py[line:35]INFO - 【开始执行用例:新增组件-组件名称重复】
2021-02-18 20:30:16,546 workbenchAdd.py[line:35]INFO - 【开始执行用例:新增组件-组件名称重复】
2021-02-18 20:30:16,546 workbenchAdd.py[line:35]INFO - 【开始执行用例:新增组件-组件名称重复】
2021-02-18 20:30:16,546 workbenchAdd.py[line:35]INFO - 【开始执行用例:新增组件-组件名称重复】
2021-02-18 20:30:16,546 workbenchAdd.py[line:35]INFO - 【开始执行用例:新增组件-组件名称重复】
2021-02-18 20:30:16,546 workbenchAdd.py[line:35]INFO - 【开始执行用例:新增组件-组件名称重复】
2021-02-18 20:30:16,546 workbenchAdd.py[line:35]INFO - 【开始执行用例:新增组件-组件名称重复】
2021-02-18 20:30:16,557 workbenchAdd.py[line:40]INFO - 检查状态码为：{"code":60017,}
2021-02-18 20:30:16,557 workbenchAdd.py[line:40]INFO - 检查状态码为：{"code":60017,}
2021-02-18 20:30:16,557 workbenchAdd.py[line:40]INFO - 检查状态码为：{"code":60017,}
2021-02-18 20:30:16,557 workbenchAdd.py[line:40]INFO - 检查状态码为：{"code":60017,}
2021-02-18 20:30:16,557 workbenchAdd.py[line:40]INFO - 检查状态码为：{"code":60017,}
2021-02-18 20:30:16,557 workbenchAdd.py[line:40]INFO - 检查状态码为：{"code":60017,}
2021-02-18 20:30:16,557 workbenchAdd.py[line:40]INFO - 检查状态码为：{"code":60017,}
2021-02-18 20:30:16,558 workbenchAdd.py[line:41]INFO - 检查返回信息为：{"message":"相同名称的部件在当前产品中已存在"}
2021-02-18 20:30:16,558 workbenchAdd.py[line:41]INFO - 检查返回信息为：{"message":"相同名称的部件在当前产品中已存在"}
2021-02-18 20:30:16,558 workbenchAdd.py[line:41]INFO - 检查返回信息为：{"message":"相同名称的部件在当前产品中已存在"}
2021-02-18 20:30:16,558 workbenchAdd.py[line:41]INFO - 检查返回信息为：{"message":"相同名称的部件在当前产品中已存在"}
2021-02-18 20:30:16,558 workbenchAdd.py[line:41]INFO - 检查返回信息为：{"message":"相同名称的部件在当前产品中已存在"}
2021-02-18 20:30:16,558 workbenchAdd.py[line:41]INFO - 检查返回信息为：{"message":"相同名称的部件在当前产品中已存在"}
2021-02-18 20:30:16,558 workbenchAdd.py[line:41]INFO - 检查返回信息为：{"message":"相同名称的部件在当前产品中已存在"}
2021-02-18 20:30:16,561 workbenchAdd.py[line:35]INFO - 【开始执行用例:新增组件-组件名称重复】
2021-02-18 20:30:16,561 workbenchAdd.py[line:35]INFO - 【开始执行用例:新增组件-组件名称重复】
2021-02-18 20:30:16,561 workbenchAdd.py[line:35]INFO - 【开始执行用例:新增组件-组件名称重复】
2021-02-18 20:30:16,561 workbenchAdd.py[line:35]INFO - 【开始执行用例:新增组件-组件名称重复】
2021-02-18 20:30:16,561 workbenchAdd.py[line:35]INFO - 【开始执行用例:新增组件-组件名称重复】
2021-02-18 20:30:16,561 workbenchAdd.py[line:35]INFO - 【开始执行用例:新增组件-组件名称重复】
2021-02-18 20:30:16,561 workbenchAdd.py[line:35]INFO - 【开始执行用例:新增组件-组件名称重复】
2021-02-18 20:30:16,561 workbenchAdd.py[line:35]INFO - 【开始执行用例:新增组件-组件名称重复】
2021-02-18 20:30:16,572 workbenchAdd.py[line:40]INFO - 检查状态码为：{"code":60018}
2021-02-18 20:30:16,572 workbenchAdd.py[line:40]INFO - 检查状态码为：{"code":60018}
2021-02-18 20:30:16,572 workbenchAdd.py[line:40]INFO - 检查状态码为：{"code":60018}
2021-02-18 20:30:16,572 workbenchAdd.py[line:40]INFO - 检查状态码为：{"code":60018}
2021-02-18 20:30:16,572 workbenchAdd.py[line:40]INFO - 检查状态码为：{"code":60018}
2021-02-18 20:30:16,572 workbenchAdd.py[line:40]INFO - 检查状态码为：{"code":60018}
2021-02-18 20:30:16,572 workbenchAdd.py[line:40]INFO - 检查状态码为：{"code":60018}
2021-02-18 20:30:16,572 workbenchAdd.py[line:40]INFO - 检查状态码为：{"code":60018}
2021-02-18 20:30:16,574 workbenchAdd.py[line:41]INFO - 检查返回信息为：{"message":"相同编码的部件已存在"}
2021-02-18 20:30:16,574 workbenchAdd.py[line:41]INFO - 检查返回信息为：{"message":"相同编码的部件已存在"}
2021-02-18 20:30:16,574 workbenchAdd.py[line:41]INFO - 检查返回信息为：{"message":"相同编码的部件已存在"}
2021-02-18 20:30:16,574 workbenchAdd.py[line:41]INFO - 检查返回信息为：{"message":"相同编码的部件已存在"}
2021-02-18 20:30:16,574 workbenchAdd.py[line:41]INFO - 检查返回信息为：{"message":"相同编码的部件已存在"}
2021-02-18 20:30:16,574 workbenchAdd.py[line:41]INFO - 检查返回信息为：{"message":"相同编码的部件已存在"}
2021-02-18 20:30:16,574 workbenchAdd.py[line:41]INFO - 检查返回信息为：{"message":"相同编码的部件已存在"}
2021-02-18 20:30:16,574 workbenchAdd.py[line:41]INFO - 检查返回信息为：{"message":"相同编码的部件已存在"}
2021-02-18 20:30:16,590 workbenchAdd.py[line:35]INFO - 【开始执行用例:新增组件-组件名称全局唯一】
2021-02-18 20:30:16,590 workbenchAdd.py[line:35]INFO - 【开始执行用例:新增组件-组件名称全局唯一】
2021-02-18 20:30:16,590 workbenchAdd.py[line:35]INFO - 【开始执行用例:新增组件-组件名称全局唯一】
2021-02-18 20:30:16,590 workbenchAdd.py[line:35]INFO - 【开始执行用例:新增组件-组件名称全局唯一】
2021-02-18 20:30:16,590 workbenchAdd.py[line:35]INFO - 【开始执行用例:新增组件-组件名称全局唯一】
2021-02-18 20:30:16,590 workbenchAdd.py[line:35]INFO - 【开始执行用例:新增组件-组件名称全局唯一】
2021-02-18 20:30:16,590 workbenchAdd.py[line:35]INFO - 【开始执行用例:新增组件-组件名称全局唯一】
2021-02-18 20:30:16,590 workbenchAdd.py[line:35]INFO - 【开始执行用例:新增组件-组件名称全局唯一】
2021-02-18 20:30:16,590 workbenchAdd.py[line:35]INFO - 【开始执行用例:新增组件-组件名称全局唯一】
2021-02-18 20:30:16,604 workbenchAdd.py[line:40]INFO - 检查状态码为：{"code":60019}
2021-02-18 20:30:16,604 workbenchAdd.py[line:40]INFO - 检查状态码为：{"code":60019}
2021-02-18 20:30:16,604 workbenchAdd.py[line:40]INFO - 检查状态码为：{"code":60019}
2021-02-18 20:30:16,604 workbenchAdd.py[line:40]INFO - 检查状态码为：{"code":60019}
2021-02-18 20:30:16,604 workbenchAdd.py[line:40]INFO - 检查状态码为：{"code":60019}
2021-02-18 20:30:16,604 workbenchAdd.py[line:40]INFO - 检查状态码为：{"code":60019}
2021-02-18 20:30:16,604 workbenchAdd.py[line:40]INFO - 检查状态码为：{"code":60019}
2021-02-18 20:30:16,604 workbenchAdd.py[line:40]INFO - 检查状态码为：{"code":60019}
2021-02-18 20:30:16,604 workbenchAdd.py[line:40]INFO - 检查状态码为：{"code":60019}
2021-02-18 20:30:16,604 workbenchAdd.py[line:41]INFO - 检查返回信息为：{"message":"相同编码的部件已存在"}
2021-02-18 20:30:16,604 workbenchAdd.py[line:41]INFO - 检查返回信息为：{"message":"相同编码的部件已存在"}
2021-02-18 20:30:16,604 workbenchAdd.py[line:41]INFO - 检查返回信息为：{"message":"相同编码的部件已存在"}
2021-02-18 20:30:16,604 workbenchAdd.py[line:41]INFO - 检查返回信息为：{"message":"相同编码的部件已存在"}
2021-02-18 20:30:16,604 workbenchAdd.py[line:41]INFO - 检查返回信息为：{"message":"相同编码的部件已存在"}
2021-02-18 20:30:16,604 workbenchAdd.py[line:41]INFO - 检查返回信息为：{"message":"相同编码的部件已存在"}
2021-02-18 20:30:16,604 workbenchAdd.py[line:41]INFO - 检查返回信息为：{"message":"相同编码的部件已存在"}
2021-02-18 20:30:16,604 workbenchAdd.py[line:41]INFO - 检查返回信息为：{"message":"相同编码的部件已存在"}
2021-02-18 20:30:16,604 workbenchAdd.py[line:41]INFO - 检查返回信息为：{"message":"相同编码的部件已存在"}
2021-02-18 20:30:16,623 workbenchAdd.py[line:35]INFO - 【开始执行用例:新增组件-组件名称边界值，下线】
2021-02-18 20:30:16,623 workbenchAdd.py[line:35]INFO - 【开始执行用例:新增组件-组件名称边界值，下线】
2021-02-18 20:30:16,623 workbenchAdd.py[line:35]INFO - 【开始执行用例:新增组件-组件名称边界值，下线】
2021-02-18 20:30:16,623 workbenchAdd.py[line:35]INFO - 【开始执行用例:新增组件-组件名称边界值，下线】
2021-02-18 20:30:16,623 workbenchAdd.py[line:35]INFO - 【开始执行用例:新增组件-组件名称边界值，下线】
2021-02-18 20:30:16,623 workbenchAdd.py[line:35]INFO - 【开始执行用例:新增组件-组件名称边界值，下线】
2021-02-18 20:30:16,623 workbenchAdd.py[line:35]INFO - 【开始执行用例:新增组件-组件名称边界值，下线】
2021-02-18 20:30:16,623 workbenchAdd.py[line:35]INFO - 【开始执行用例:新增组件-组件名称边界值，下线】
2021-02-18 20:30:16,623 workbenchAdd.py[line:35]INFO - 【开始执行用例:新增组件-组件名称边界值，下线】
2021-02-18 20:30:16,623 workbenchAdd.py[line:35]INFO - 【开始执行用例:新增组件-组件名称边界值，下线】
2021-02-18 20:30:16,636 workbenchAdd.py[line:40]INFO - 检查状态码为：{"code":60016}
2021-02-18 20:30:16,636 workbenchAdd.py[line:40]INFO - 检查状态码为：{"code":60016}
2021-02-18 20:30:16,636 workbenchAdd.py[line:40]INFO - 检查状态码为：{"code":60016}
2021-02-18 20:30:16,636 workbenchAdd.py[line:40]INFO - 检查状态码为：{"code":60016}
2021-02-18 20:30:16,636 workbenchAdd.py[line:40]INFO - 检查状态码为：{"code":60016}
2021-02-18 20:30:16,636 workbenchAdd.py[line:40]INFO - 检查状态码为：{"code":60016}
2021-02-18 20:30:16,636 workbenchAdd.py[line:40]INFO - 检查状态码为：{"code":60016}
2021-02-18 20:30:16,636 workbenchAdd.py[line:40]INFO - 检查状态码为：{"code":60016}
2021-02-18 20:30:16,636 workbenchAdd.py[line:40]INFO - 检查状态码为：{"code":60016}
2021-02-18 20:30:16,636 workbenchAdd.py[line:40]INFO - 检查状态码为：{"code":60016}
2021-02-18 20:30:16,637 workbenchAdd.py[line:41]INFO - 检查返回信息为：{“message":"部件名称格式不正确"}
2021-02-18 20:30:16,637 workbenchAdd.py[line:41]INFO - 检查返回信息为：{“message":"部件名称格式不正确"}
2021-02-18 20:30:16,637 workbenchAdd.py[line:41]INFO - 检查返回信息为：{“message":"部件名称格式不正确"}
2021-02-18 20:30:16,637 workbenchAdd.py[line:41]INFO - 检查返回信息为：{“message":"部件名称格式不正确"}
2021-02-18 20:30:16,637 workbenchAdd.py[line:41]INFO - 检查返回信息为：{“message":"部件名称格式不正确"}
2021-02-18 20:30:16,637 workbenchAdd.py[line:41]INFO - 检查返回信息为：{“message":"部件名称格式不正确"}
2021-02-18 20:30:16,637 workbenchAdd.py[line:41]INFO - 检查返回信息为：{“message":"部件名称格式不正确"}
2021-02-18 20:30:16,637 workbenchAdd.py[line:41]INFO - 检查返回信息为：{“message":"部件名称格式不正确"}
2021-02-18 20:30:16,637 workbenchAdd.py[line:41]INFO - 检查返回信息为：{“message":"部件名称格式不正确"}
2021-02-18 20:30:16,637 workbenchAdd.py[line:41]INFO - 检查返回信息为：{“message":"部件名称格式不正确"}
2021-02-18 20:30:16,668 workbenchAdd.py[line:35]INFO - 【开始执行用例:新增组件-组件名称边界值，上线】
2021-02-18 20:30:16,668 workbenchAdd.py[line:35]INFO - 【开始执行用例:新增组件-组件名称边界值，上线】
2021-02-18 20:30:16,668 workbenchAdd.py[line:35]INFO - 【开始执行用例:新增组件-组件名称边界值，上线】
2021-02-18 20:30:16,668 workbenchAdd.py[line:35]INFO - 【开始执行用例:新增组件-组件名称边界值，上线】
2021-02-18 20:30:16,668 workbenchAdd.py[line:35]INFO - 【开始执行用例:新增组件-组件名称边界值，上线】
2021-02-18 20:30:16,668 workbenchAdd.py[line:35]INFO - 【开始执行用例:新增组件-组件名称边界值，上线】
2021-02-18 20:30:16,668 workbenchAdd.py[line:35]INFO - 【开始执行用例:新增组件-组件名称边界值，上线】
2021-02-18 20:30:16,668 workbenchAdd.py[line:35]INFO - 【开始执行用例:新增组件-组件名称边界值，上线】
2021-02-18 20:30:16,668 workbenchAdd.py[line:35]INFO - 【开始执行用例:新增组件-组件名称边界值，上线】
2021-02-18 20:30:16,668 workbenchAdd.py[line:35]INFO - 【开始执行用例:新增组件-组件名称边界值，上线】
2021-02-18 20:30:16,668 workbenchAdd.py[line:35]INFO - 【开始执行用例:新增组件-组件名称边界值，上线】
2021-02-18 20:30:16,682 workbenchAdd.py[line:40]INFO - 检查状态码为：{"code":60016}
2021-02-18 20:30:16,682 workbenchAdd.py[line:40]INFO - 检查状态码为：{"code":60016}
2021-02-18 20:30:16,682 workbenchAdd.py[line:40]INFO - 检查状态码为：{"code":60016}
2021-02-18 20:30:16,682 workbenchAdd.py[line:40]INFO - 检查状态码为：{"code":60016}
2021-02-18 20:30:16,682 workbenchAdd.py[line:40]INFO - 检查状态码为：{"code":60016}
2021-02-18 20:30:16,682 workbenchAdd.py[line:40]INFO - 检查状态码为：{"code":60016}
2021-02-18 20:30:16,682 workbenchAdd.py[line:40]INFO - 检查状态码为：{"code":60016}
2021-02-18 20:30:16,682 workbenchAdd.py[line:40]INFO - 检查状态码为：{"code":60016}
2021-02-18 20:30:16,682 workbenchAdd.py[line:40]INFO - 检查状态码为：{"code":60016}
2021-02-18 20:30:16,682 workbenchAdd.py[line:40]INFO - 检查状态码为：{"code":60016}
2021-02-18 20:30:16,682 workbenchAdd.py[line:40]INFO - 检查状态码为：{"code":60016}
2021-02-18 20:30:16,683 workbenchAdd.py[line:41]INFO - 检查返回信息为：{“message":"部件名称格式不正确"}
2021-02-18 20:30:16,683 workbenchAdd.py[line:41]INFO - 检查返回信息为：{“message":"部件名称格式不正确"}
2021-02-18 20:30:16,683 workbenchAdd.py[line:41]INFO - 检查返回信息为：{“message":"部件名称格式不正确"}
2021-02-18 20:30:16,683 workbenchAdd.py[line:41]INFO - 检查返回信息为：{“message":"部件名称格式不正确"}
2021-02-18 20:30:16,683 workbenchAdd.py[line:41]INFO - 检查返回信息为：{“message":"部件名称格式不正确"}
2021-02-18 20:30:16,683 workbenchAdd.py[line:41]INFO - 检查返回信息为：{“message":"部件名称格式不正确"}
2021-02-18 20:30:16,683 workbenchAdd.py[line:41]INFO - 检查返回信息为：{“message":"部件名称格式不正确"}
2021-02-18 20:30:16,683 workbenchAdd.py[line:41]INFO - 检查返回信息为：{“message":"部件名称格式不正确"}
2021-02-18 20:30:16,683 workbenchAdd.py[line:41]INFO - 检查返回信息为：{“message":"部件名称格式不正确"}
2021-02-18 20:30:16,683 workbenchAdd.py[line:41]INFO - 检查返回信息为：{“message":"部件名称格式不正确"}
2021-02-18 20:30:16,683 workbenchAdd.py[line:41]INFO - 检查返回信息为：{“message":"部件名称格式不正确"}
2021-02-18 20:30:16,701 workbenchAdd.py[line:35]INFO - 【开始执行用例:新增组件-组件名称不合规（非字母开头）】
2021-02-18 20:30:16,701 workbenchAdd.py[line:35]INFO - 【开始执行用例:新增组件-组件名称不合规（非字母开头）】
2021-02-18 20:30:16,701 workbenchAdd.py[line:35]INFO - 【开始执行用例:新增组件-组件名称不合规（非字母开头）】
2021-02-18 20:30:16,701 workbenchAdd.py[line:35]INFO - 【开始执行用例:新增组件-组件名称不合规（非字母开头）】
2021-02-18 20:30:16,701 workbenchAdd.py[line:35]INFO - 【开始执行用例:新增组件-组件名称不合规（非字母开头）】
2021-02-18 20:30:16,701 workbenchAdd.py[line:35]INFO - 【开始执行用例:新增组件-组件名称不合规（非字母开头）】
2021-02-18 20:30:16,701 workbenchAdd.py[line:35]INFO - 【开始执行用例:新增组件-组件名称不合规（非字母开头）】
2021-02-18 20:30:16,701 workbenchAdd.py[line:35]INFO - 【开始执行用例:新增组件-组件名称不合规（非字母开头）】
2021-02-18 20:30:16,701 workbenchAdd.py[line:35]INFO - 【开始执行用例:新增组件-组件名称不合规（非字母开头）】
2021-02-18 20:30:16,701 workbenchAdd.py[line:35]INFO - 【开始执行用例:新增组件-组件名称不合规（非字母开头）】
2021-02-18 20:30:16,701 workbenchAdd.py[line:35]INFO - 【开始执行用例:新增组件-组件名称不合规（非字母开头）】
2021-02-18 20:30:16,701 workbenchAdd.py[line:35]INFO - 【开始执行用例:新增组件-组件名称不合规（非字母开头）】
2021-02-18 20:30:16,713 workbenchAdd.py[line:40]INFO - 检查状态码为：{"code":60016}
2021-02-18 20:30:16,713 workbenchAdd.py[line:40]INFO - 检查状态码为：{"code":60016}
2021-02-18 20:30:16,713 workbenchAdd.py[line:40]INFO - 检查状态码为：{"code":60016}
2021-02-18 20:30:16,713 workbenchAdd.py[line:40]INFO - 检查状态码为：{"code":60016}
2021-02-18 20:30:16,713 workbenchAdd.py[line:40]INFO - 检查状态码为：{"code":60016}
2021-02-18 20:30:16,713 workbenchAdd.py[line:40]INFO - 检查状态码为：{"code":60016}
2021-02-18 20:30:16,713 workbenchAdd.py[line:40]INFO - 检查状态码为：{"code":60016}
2021-02-18 20:30:16,713 workbenchAdd.py[line:40]INFO - 检查状态码为：{"code":60016}
2021-02-18 20:30:16,713 workbenchAdd.py[line:40]INFO - 检查状态码为：{"code":60016}
2021-02-18 20:30:16,713 workbenchAdd.py[line:40]INFO - 检查状态码为：{"code":60016}
2021-02-18 20:30:16,713 workbenchAdd.py[line:40]INFO - 检查状态码为：{"code":60016}
2021-02-18 20:30:16,713 workbenchAdd.py[line:40]INFO - 检查状态码为：{"code":60016}
2021-02-18 20:30:16,729 workbenchAdd.py[line:41]INFO - 检查返回信息为：{“message":"部件名称格式不正确"}
2021-02-18 20:30:16,729 workbenchAdd.py[line:41]INFO - 检查返回信息为：{“message":"部件名称格式不正确"}
2021-02-18 20:30:16,729 workbenchAdd.py[line:41]INFO - 检查返回信息为：{“message":"部件名称格式不正确"}
2021-02-18 20:30:16,729 workbenchAdd.py[line:41]INFO - 检查返回信息为：{“message":"部件名称格式不正确"}
2021-02-18 20:30:16,729 workbenchAdd.py[line:41]INFO - 检查返回信息为：{“message":"部件名称格式不正确"}
2021-02-18 20:30:16,729 workbenchAdd.py[line:41]INFO - 检查返回信息为：{“message":"部件名称格式不正确"}
2021-02-18 20:30:16,729 workbenchAdd.py[line:41]INFO - 检查返回信息为：{“message":"部件名称格式不正确"}
2021-02-18 20:30:16,729 workbenchAdd.py[line:41]INFO - 检查返回信息为：{“message":"部件名称格式不正确"}
2021-02-18 20:30:16,729 workbenchAdd.py[line:41]INFO - 检查返回信息为：{“message":"部件名称格式不正确"}
2021-02-18 20:30:16,729 workbenchAdd.py[line:41]INFO - 检查返回信息为：{“message":"部件名称格式不正确"}
2021-02-18 20:30:16,729 workbenchAdd.py[line:41]INFO - 检查返回信息为：{“message":"部件名称格式不正确"}
2021-02-18 20:30:16,729 workbenchAdd.py[line:41]INFO - 检查返回信息为：{“message":"部件名称格式不正确"}
2021-02-18 20:30:16,747 workbenchAdd.py[line:35]INFO - 【开始执行用例:新增组件-组件名称不合规（非字母开头）】
2021-02-18 20:30:16,747 workbenchAdd.py[line:35]INFO - 【开始执行用例:新增组件-组件名称不合规（非字母开头）】
2021-02-18 20:30:16,747 workbenchAdd.py[line:35]INFO - 【开始执行用例:新增组件-组件名称不合规（非字母开头）】
2021-02-18 20:30:16,747 workbenchAdd.py[line:35]INFO - 【开始执行用例:新增组件-组件名称不合规（非字母开头）】
2021-02-18 20:30:16,747 workbenchAdd.py[line:35]INFO - 【开始执行用例:新增组件-组件名称不合规（非字母开头）】
2021-02-18 20:30:16,747 workbenchAdd.py[line:35]INFO - 【开始执行用例:新增组件-组件名称不合规（非字母开头）】
2021-02-18 20:30:16,747 workbenchAdd.py[line:35]INFO - 【开始执行用例:新增组件-组件名称不合规（非字母开头）】
2021-02-18 20:30:16,747 workbenchAdd.py[line:35]INFO - 【开始执行用例:新增组件-组件名称不合规（非字母开头）】
2021-02-18 20:30:16,747 workbenchAdd.py[line:35]INFO - 【开始执行用例:新增组件-组件名称不合规（非字母开头）】
2021-02-18 20:30:16,747 workbenchAdd.py[line:35]INFO - 【开始执行用例:新增组件-组件名称不合规（非字母开头）】
2021-02-18 20:30:16,747 workbenchAdd.py[line:35]INFO - 【开始执行用例:新增组件-组件名称不合规（非字母开头）】
2021-02-18 20:30:16,747 workbenchAdd.py[line:35]INFO - 【开始执行用例:新增组件-组件名称不合规（非字母开头）】
2021-02-18 20:30:16,747 workbenchAdd.py[line:35]INFO - 【开始执行用例:新增组件-组件名称不合规（非字母开头）】
2021-02-18 20:30:16,762 workbenchAdd.py[line:40]INFO - 检查状态码为：{"code":60016}
2021-02-18 20:30:16,762 workbenchAdd.py[line:40]INFO - 检查状态码为：{"code":60016}
2021-02-18 20:30:16,762 workbenchAdd.py[line:40]INFO - 检查状态码为：{"code":60016}
2021-02-18 20:30:16,762 workbenchAdd.py[line:40]INFO - 检查状态码为：{"code":60016}
2021-02-18 20:30:16,762 workbenchAdd.py[line:40]INFO - 检查状态码为：{"code":60016}
2021-02-18 20:30:16,762 workbenchAdd.py[line:40]INFO - 检查状态码为：{"code":60016}
2021-02-18 20:30:16,762 workbenchAdd.py[line:40]INFO - 检查状态码为：{"code":60016}
2021-02-18 20:30:16,762 workbenchAdd.py[line:40]INFO - 检查状态码为：{"code":60016}
2021-02-18 20:30:16,762 workbenchAdd.py[line:40]INFO - 检查状态码为：{"code":60016}
2021-02-18 20:30:16,762 workbenchAdd.py[line:40]INFO - 检查状态码为：{"code":60016}
2021-02-18 20:30:16,762 workbenchAdd.py[line:40]INFO - 检查状态码为：{"code":60016}
2021-02-18 20:30:16,762 workbenchAdd.py[line:40]INFO - 检查状态码为：{"code":60016}
2021-02-18 20:30:16,762 workbenchAdd.py[line:40]INFO - 检查状态码为：{"code":60016}
2021-02-18 20:30:16,776 workbenchAdd.py[line:41]INFO - 检查返回信息为：{“message":"部件名称格式不正确"}
2021-02-18 20:30:16,776 workbenchAdd.py[line:41]INFO - 检查返回信息为：{“message":"部件名称格式不正确"}
2021-02-18 20:30:16,776 workbenchAdd.py[line:41]INFO - 检查返回信息为：{“message":"部件名称格式不正确"}
2021-02-18 20:30:16,776 workbenchAdd.py[line:41]INFO - 检查返回信息为：{“message":"部件名称格式不正确"}
2021-02-18 20:30:16,776 workbenchAdd.py[line:41]INFO - 检查返回信息为：{“message":"部件名称格式不正确"}
2021-02-18 20:30:16,776 workbenchAdd.py[line:41]INFO - 检查返回信息为：{“message":"部件名称格式不正确"}
2021-02-18 20:30:16,776 workbenchAdd.py[line:41]INFO - 检查返回信息为：{“message":"部件名称格式不正确"}
2021-02-18 20:30:16,776 workbenchAdd.py[line:41]INFO - 检查返回信息为：{“message":"部件名称格式不正确"}
2021-02-18 20:30:16,776 workbenchAdd.py[line:41]INFO - 检查返回信息为：{“message":"部件名称格式不正确"}
2021-02-18 20:30:16,776 workbenchAdd.py[line:41]INFO - 检查返回信息为：{“message":"部件名称格式不正确"}
2021-02-18 20:30:16,776 workbenchAdd.py[line:41]INFO - 检查返回信息为：{“message":"部件名称格式不正确"}
2021-02-18 20:30:16,776 workbenchAdd.py[line:41]INFO - 检查返回信息为：{“message":"部件名称格式不正确"}
2021-02-18 20:30:16,776 workbenchAdd.py[line:41]INFO - 检查返回信息为：{“message":"部件名称格式不正确"}
2021-02-18 20:30:16,809 workbenchAdd.py[line:35]INFO - 【开始执行用例:新增组件-组件编码边界值，下线】
2021-02-18 20:30:16,809 workbenchAdd.py[line:35]INFO - 【开始执行用例:新增组件-组件编码边界值，下线】
2021-02-18 20:30:16,809 workbenchAdd.py[line:35]INFO - 【开始执行用例:新增组件-组件编码边界值，下线】
2021-02-18 20:30:16,809 workbenchAdd.py[line:35]INFO - 【开始执行用例:新增组件-组件编码边界值，下线】
2021-02-18 20:30:16,809 workbenchAdd.py[line:35]INFO - 【开始执行用例:新增组件-组件编码边界值，下线】
2021-02-18 20:30:16,809 workbenchAdd.py[line:35]INFO - 【开始执行用例:新增组件-组件编码边界值，下线】
2021-02-18 20:30:16,809 workbenchAdd.py[line:35]INFO - 【开始执行用例:新增组件-组件编码边界值，下线】
2021-02-18 20:30:16,809 workbenchAdd.py[line:35]INFO - 【开始执行用例:新增组件-组件编码边界值，下线】
2021-02-18 20:30:16,809 workbenchAdd.py[line:35]INFO - 【开始执行用例:新增组件-组件编码边界值，下线】
2021-02-18 20:30:16,809 workbenchAdd.py[line:35]INFO - 【开始执行用例:新增组件-组件编码边界值，下线】
2021-02-18 20:30:16,809 workbenchAdd.py[line:35]INFO - 【开始执行用例:新增组件-组件编码边界值，下线】
2021-02-18 20:30:16,809 workbenchAdd.py[line:35]INFO - 【开始执行用例:新增组件-组件编码边界值，下线】
2021-02-18 20:30:16,809 workbenchAdd.py[line:35]INFO - 【开始执行用例:新增组件-组件编码边界值，下线】
2021-02-18 20:30:16,809 workbenchAdd.py[line:35]INFO - 【开始执行用例:新增组件-组件编码边界值，下线】
2021-02-18 20:30:16,823 workbenchAdd.py[line:40]INFO - 检查状态码为：{"code":60015}
2021-02-18 20:30:16,823 workbenchAdd.py[line:40]INFO - 检查状态码为：{"code":60015}
2021-02-18 20:30:16,823 workbenchAdd.py[line:40]INFO - 检查状态码为：{"code":60015}
2021-02-18 20:30:16,823 workbenchAdd.py[line:40]INFO - 检查状态码为：{"code":60015}
2021-02-18 20:30:16,823 workbenchAdd.py[line:40]INFO - 检查状态码为：{"code":60015}
2021-02-18 20:30:16,823 workbenchAdd.py[line:40]INFO - 检查状态码为：{"code":60015}
2021-02-18 20:30:16,823 workbenchAdd.py[line:40]INFO - 检查状态码为：{"code":60015}
2021-02-18 20:30:16,823 workbenchAdd.py[line:40]INFO - 检查状态码为：{"code":60015}
2021-02-18 20:30:16,823 workbenchAdd.py[line:40]INFO - 检查状态码为：{"code":60015}
2021-02-18 20:30:16,823 workbenchAdd.py[line:40]INFO - 检查状态码为：{"code":60015}
2021-02-18 20:30:16,823 workbenchAdd.py[line:40]INFO - 检查状态码为：{"code":60015}
2021-02-18 20:30:16,823 workbenchAdd.py[line:40]INFO - 检查状态码为：{"code":60015}
2021-02-18 20:30:16,823 workbenchAdd.py[line:40]INFO - 检查状态码为：{"code":60015}
2021-02-18 20:30:16,823 workbenchAdd.py[line:40]INFO - 检查状态码为：{"code":60015}
2021-02-18 20:30:16,839 workbenchAdd.py[line:41]INFO - 检查返回信息为：{“message":"部件编码格式不正确"}
2021-02-18 20:30:16,839 workbenchAdd.py[line:41]INFO - 检查返回信息为：{“message":"部件编码格式不正确"}
2021-02-18 20:30:16,839 workbenchAdd.py[line:41]INFO - 检查返回信息为：{“message":"部件编码格式不正确"}
2021-02-18 20:30:16,839 workbenchAdd.py[line:41]INFO - 检查返回信息为：{“message":"部件编码格式不正确"}
2021-02-18 20:30:16,839 workbenchAdd.py[line:41]INFO - 检查返回信息为：{“message":"部件编码格式不正确"}
2021-02-18 20:30:16,839 workbenchAdd.py[line:41]INFO - 检查返回信息为：{“message":"部件编码格式不正确"}
2021-02-18 20:30:16,839 workbenchAdd.py[line:41]INFO - 检查返回信息为：{“message":"部件编码格式不正确"}
2021-02-18 20:30:16,839 workbenchAdd.py[line:41]INFO - 检查返回信息为：{“message":"部件编码格式不正确"}
2021-02-18 20:30:16,839 workbenchAdd.py[line:41]INFO - 检查返回信息为：{“message":"部件编码格式不正确"}
2021-02-18 20:30:16,839 workbenchAdd.py[line:41]INFO - 检查返回信息为：{“message":"部件编码格式不正确"}
2021-02-18 20:30:16,839 workbenchAdd.py[line:41]INFO - 检查返回信息为：{“message":"部件编码格式不正确"}
2021-02-18 20:30:16,839 workbenchAdd.py[line:41]INFO - 检查返回信息为：{“message":"部件编码格式不正确"}
2021-02-18 20:30:16,839 workbenchAdd.py[line:41]INFO - 检查返回信息为：{“message":"部件编码格式不正确"}
2021-02-18 20:30:16,839 workbenchAdd.py[line:41]INFO - 检查返回信息为：{“message":"部件编码格式不正确"}
2021-02-18 20:30:16,872 workbenchAdd.py[line:35]INFO - 【开始执行用例:新增组件-组件名称边界值，上线】
2021-02-18 20:30:16,872 workbenchAdd.py[line:35]INFO - 【开始执行用例:新增组件-组件名称边界值，上线】
2021-02-18 20:30:16,872 workbenchAdd.py[line:35]INFO - 【开始执行用例:新增组件-组件名称边界值，上线】
2021-02-18 20:30:16,872 workbenchAdd.py[line:35]INFO - 【开始执行用例:新增组件-组件名称边界值，上线】
2021-02-18 20:30:16,872 workbenchAdd.py[line:35]INFO - 【开始执行用例:新增组件-组件名称边界值，上线】
2021-02-18 20:30:16,872 workbenchAdd.py[line:35]INFO - 【开始执行用例:新增组件-组件名称边界值，上线】
2021-02-18 20:30:16,872 workbenchAdd.py[line:35]INFO - 【开始执行用例:新增组件-组件名称边界值，上线】
2021-02-18 20:30:16,872 workbenchAdd.py[line:35]INFO - 【开始执行用例:新增组件-组件名称边界值，上线】
2021-02-18 20:30:16,872 workbenchAdd.py[line:35]INFO - 【开始执行用例:新增组件-组件名称边界值，上线】
2021-02-18 20:30:16,872 workbenchAdd.py[line:35]INFO - 【开始执行用例:新增组件-组件名称边界值，上线】
2021-02-18 20:30:16,872 workbenchAdd.py[line:35]INFO - 【开始执行用例:新增组件-组件名称边界值，上线】
2021-02-18 20:30:16,872 workbenchAdd.py[line:35]INFO - 【开始执行用例:新增组件-组件名称边界值，上线】
2021-02-18 20:30:16,872 workbenchAdd.py[line:35]INFO - 【开始执行用例:新增组件-组件名称边界值，上线】
2021-02-18 20:30:16,872 workbenchAdd.py[line:35]INFO - 【开始执行用例:新增组件-组件名称边界值，上线】
2021-02-18 20:30:16,872 workbenchAdd.py[line:35]INFO - 【开始执行用例:新增组件-组件名称边界值，上线】
2021-02-18 20:30:16,887 workbenchAdd.py[line:40]INFO - 检查状态码为：{"code":60015}
2021-02-18 20:30:16,887 workbenchAdd.py[line:40]INFO - 检查状态码为：{"code":60015}
2021-02-18 20:30:16,887 workbenchAdd.py[line:40]INFO - 检查状态码为：{"code":60015}
2021-02-18 20:30:16,887 workbenchAdd.py[line:40]INFO - 检查状态码为：{"code":60015}
2021-02-18 20:30:16,887 workbenchAdd.py[line:40]INFO - 检查状态码为：{"code":60015}
2021-02-18 20:30:16,887 workbenchAdd.py[line:40]INFO - 检查状态码为：{"code":60015}
2021-02-18 20:30:16,887 workbenchAdd.py[line:40]INFO - 检查状态码为：{"code":60015}
2021-02-18 20:30:16,887 workbenchAdd.py[line:40]INFO - 检查状态码为：{"code":60015}
2021-02-18 20:30:16,887 workbenchAdd.py[line:40]INFO - 检查状态码为：{"code":60015}
2021-02-18 20:30:16,887 workbenchAdd.py[line:40]INFO - 检查状态码为：{"code":60015}
2021-02-18 20:30:16,887 workbenchAdd.py[line:40]INFO - 检查状态码为：{"code":60015}
2021-02-18 20:30:16,887 workbenchAdd.py[line:40]INFO - 检查状态码为：{"code":60015}
2021-02-18 20:30:16,887 workbenchAdd.py[line:40]INFO - 检查状态码为：{"code":60015}
2021-02-18 20:30:16,887 workbenchAdd.py[line:40]INFO - 检查状态码为：{"code":60015}
2021-02-18 20:30:16,887 workbenchAdd.py[line:40]INFO - 检查状态码为：{"code":60015}
2021-02-18 20:30:16,902 workbenchAdd.py[line:41]INFO - 检查返回信息为：{“message":"部件编码格式不正确"}
2021-02-18 20:30:16,902 workbenchAdd.py[line:41]INFO - 检查返回信息为：{“message":"部件编码格式不正确"}
2021-02-18 20:30:16,902 workbenchAdd.py[line:41]INFO - 检查返回信息为：{“message":"部件编码格式不正确"}
2021-02-18 20:30:16,902 workbenchAdd.py[line:41]INFO - 检查返回信息为：{“message":"部件编码格式不正确"}
2021-02-18 20:30:16,902 workbenchAdd.py[line:41]INFO - 检查返回信息为：{“message":"部件编码格式不正确"}
2021-02-18 20:30:16,902 workbenchAdd.py[line:41]INFO - 检查返回信息为：{“message":"部件编码格式不正确"}
2021-02-18 20:30:16,902 workbenchAdd.py[line:41]INFO - 检查返回信息为：{“message":"部件编码格式不正确"}
2021-02-18 20:30:16,902 workbenchAdd.py[line:41]INFO - 检查返回信息为：{“message":"部件编码格式不正确"}
2021-02-18 20:30:16,902 workbenchAdd.py[line:41]INFO - 检查返回信息为：{“message":"部件编码格式不正确"}
2021-02-18 20:30:16,902 workbenchAdd.py[line:41]INFO - 检查返回信息为：{“message":"部件编码格式不正确"}
2021-02-18 20:30:16,902 workbenchAdd.py[line:41]INFO - 检查返回信息为：{“message":"部件编码格式不正确"}
2021-02-18 20:30:16,902 workbenchAdd.py[line:41]INFO - 检查返回信息为：{“message":"部件编码格式不正确"}
2021-02-18 20:30:16,902 workbenchAdd.py[line:41]INFO - 检查返回信息为：{“message":"部件编码格式不正确"}
2021-02-18 20:30:16,902 workbenchAdd.py[line:41]INFO - 检查返回信息为：{“message":"部件编码格式不正确"}
2021-02-18 20:30:16,902 workbenchAdd.py[line:41]INFO - 检查返回信息为：{“message":"部件编码格式不正确"}
2021-02-18 20:30:16,934 workbenchAdd.py[line:35]INFO - 【开始执行用例:新增组件-组件名称不合规（非字母开头）】
2021-02-18 20:30:16,934 workbenchAdd.py[line:35]INFO - 【开始执行用例:新增组件-组件名称不合规（非字母开头）】
2021-02-18 20:30:16,934 workbenchAdd.py[line:35]INFO - 【开始执行用例:新增组件-组件名称不合规（非字母开头）】
2021-02-18 20:30:16,934 workbenchAdd.py[line:35]INFO - 【开始执行用例:新增组件-组件名称不合规（非字母开头）】
2021-02-18 20:30:16,934 workbenchAdd.py[line:35]INFO - 【开始执行用例:新增组件-组件名称不合规（非字母开头）】
2021-02-18 20:30:16,934 workbenchAdd.py[line:35]INFO - 【开始执行用例:新增组件-组件名称不合规（非字母开头）】
2021-02-18 20:30:16,934 workbenchAdd.py[line:35]INFO - 【开始执行用例:新增组件-组件名称不合规（非字母开头）】
2021-02-18 20:30:16,934 workbenchAdd.py[line:35]INFO - 【开始执行用例:新增组件-组件名称不合规（非字母开头）】
2021-02-18 20:30:16,934 workbenchAdd.py[line:35]INFO - 【开始执行用例:新增组件-组件名称不合规（非字母开头）】
2021-02-18 20:30:16,934 workbenchAdd.py[line:35]INFO - 【开始执行用例:新增组件-组件名称不合规（非字母开头）】
2021-02-18 20:30:16,934 workbenchAdd.py[line:35]INFO - 【开始执行用例:新增组件-组件名称不合规（非字母开头）】
2021-02-18 20:30:16,934 workbenchAdd.py[line:35]INFO - 【开始执行用例:新增组件-组件名称不合规（非字母开头）】
2021-02-18 20:30:16,934 workbenchAdd.py[line:35]INFO - 【开始执行用例:新增组件-组件名称不合规（非字母开头）】
2021-02-18 20:30:16,934 workbenchAdd.py[line:35]INFO - 【开始执行用例:新增组件-组件名称不合规（非字母开头）】
2021-02-18 20:30:16,934 workbenchAdd.py[line:35]INFO - 【开始执行用例:新增组件-组件名称不合规（非字母开头）】
2021-02-18 20:30:16,934 workbenchAdd.py[line:35]INFO - 【开始执行用例:新增组件-组件名称不合规（非字母开头）】
2021-02-18 20:30:16,949 workbenchAdd.py[line:40]INFO - 检查状态码为：{"code":60015}
2021-02-18 20:30:16,949 workbenchAdd.py[line:40]INFO - 检查状态码为：{"code":60015}
2021-02-18 20:30:16,949 workbenchAdd.py[line:40]INFO - 检查状态码为：{"code":60015}
2021-02-18 20:30:16,949 workbenchAdd.py[line:40]INFO - 检查状态码为：{"code":60015}
2021-02-18 20:30:16,949 workbenchAdd.py[line:40]INFO - 检查状态码为：{"code":60015}
2021-02-18 20:30:16,949 workbenchAdd.py[line:40]INFO - 检查状态码为：{"code":60015}
2021-02-18 20:30:16,949 workbenchAdd.py[line:40]INFO - 检查状态码为：{"code":60015}
2021-02-18 20:30:16,949 workbenchAdd.py[line:40]INFO - 检查状态码为：{"code":60015}
2021-02-18 20:30:16,949 workbenchAdd.py[line:40]INFO - 检查状态码为：{"code":60015}
2021-02-18 20:30:16,949 workbenchAdd.py[line:40]INFO - 检查状态码为：{"code":60015}
2021-02-18 20:30:16,949 workbenchAdd.py[line:40]INFO - 检查状态码为：{"code":60015}
2021-02-18 20:30:16,949 workbenchAdd.py[line:40]INFO - 检查状态码为：{"code":60015}
2021-02-18 20:30:16,949 workbenchAdd.py[line:40]INFO - 检查状态码为：{"code":60015}
2021-02-18 20:30:16,949 workbenchAdd.py[line:40]INFO - 检查状态码为：{"code":60015}
2021-02-18 20:30:16,949 workbenchAdd.py[line:40]INFO - 检查状态码为：{"code":60015}
2021-02-18 20:30:16,949 workbenchAdd.py[line:40]INFO - 检查状态码为：{"code":60015}
2021-02-18 20:30:16,964 workbenchAdd.py[line:41]INFO - 检查返回信息为：{“message":"部件编码格式不正确"}
2021-02-18 20:30:16,964 workbenchAdd.py[line:41]INFO - 检查返回信息为：{“message":"部件编码格式不正确"}
2021-02-18 20:30:16,964 workbenchAdd.py[line:41]INFO - 检查返回信息为：{“message":"部件编码格式不正确"}
2021-02-18 20:30:16,964 workbenchAdd.py[line:41]INFO - 检查返回信息为：{“message":"部件编码格式不正确"}
2021-02-18 20:30:16,964 workbenchAdd.py[line:41]INFO - 检查返回信息为：{“message":"部件编码格式不正确"}
2021-02-18 20:30:16,964 workbenchAdd.py[line:41]INFO - 检查返回信息为：{“message":"部件编码格式不正确"}
2021-02-18 20:30:16,964 workbenchAdd.py[line:41]INFO - 检查返回信息为：{“message":"部件编码格式不正确"}
2021-02-18 20:30:16,964 workbenchAdd.py[line:41]INFO - 检查返回信息为：{“message":"部件编码格式不正确"}
2021-02-18 20:30:16,964 workbenchAdd.py[line:41]INFO - 检查返回信息为：{“message":"部件编码格式不正确"}
2021-02-18 20:30:16,964 workbenchAdd.py[line:41]INFO - 检查返回信息为：{“message":"部件编码格式不正确"}
2021-02-18 20:30:16,964 workbenchAdd.py[line:41]INFO - 检查返回信息为：{“message":"部件编码格式不正确"}
2021-02-18 20:30:16,964 workbenchAdd.py[line:41]INFO - 检查返回信息为：{“message":"部件编码格式不正确"}
2021-02-18 20:30:16,964 workbenchAdd.py[line:41]INFO - 检查返回信息为：{“message":"部件编码格式不正确"}
2021-02-18 20:30:16,964 workbenchAdd.py[line:41]INFO - 检查返回信息为：{“message":"部件编码格式不正确"}
2021-02-18 20:30:16,964 workbenchAdd.py[line:41]INFO - 检查返回信息为：{“message":"部件编码格式不正确"}
2021-02-18 20:30:16,964 workbenchAdd.py[line:41]INFO - 检查返回信息为：{“message":"部件编码格式不正确"}
2021-02-18 20:30:17,012 workbenchAdd.py[line:35]INFO - 【开始执行用例:新增组件-组件名称不合规（非字母开头）】
2021-02-18 20:30:17,012 workbenchAdd.py[line:35]INFO - 【开始执行用例:新增组件-组件名称不合规（非字母开头）】
2021-02-18 20:30:17,012 workbenchAdd.py[line:35]INFO - 【开始执行用例:新增组件-组件名称不合规（非字母开头）】
2021-02-18 20:30:17,012 workbenchAdd.py[line:35]INFO - 【开始执行用例:新增组件-组件名称不合规（非字母开头）】
2021-02-18 20:30:17,012 workbenchAdd.py[line:35]INFO - 【开始执行用例:新增组件-组件名称不合规（非字母开头）】
2021-02-18 20:30:17,012 workbenchAdd.py[line:35]INFO - 【开始执行用例:新增组件-组件名称不合规（非字母开头）】
2021-02-18 20:30:17,012 workbenchAdd.py[line:35]INFO - 【开始执行用例:新增组件-组件名称不合规（非字母开头）】
2021-02-18 20:30:17,012 workbenchAdd.py[line:35]INFO - 【开始执行用例:新增组件-组件名称不合规（非字母开头）】
2021-02-18 20:30:17,012 workbenchAdd.py[line:35]INFO - 【开始执行用例:新增组件-组件名称不合规（非字母开头）】
2021-02-18 20:30:17,012 workbenchAdd.py[line:35]INFO - 【开始执行用例:新增组件-组件名称不合规（非字母开头）】
2021-02-18 20:30:17,012 workbenchAdd.py[line:35]INFO - 【开始执行用例:新增组件-组件名称不合规（非字母开头）】
2021-02-18 20:30:17,012 workbenchAdd.py[line:35]INFO - 【开始执行用例:新增组件-组件名称不合规（非字母开头）】
2021-02-18 20:30:17,012 workbenchAdd.py[line:35]INFO - 【开始执行用例:新增组件-组件名称不合规（非字母开头）】
2021-02-18 20:30:17,012 workbenchAdd.py[line:35]INFO - 【开始执行用例:新增组件-组件名称不合规（非字母开头）】
2021-02-18 20:30:17,012 workbenchAdd.py[line:35]INFO - 【开始执行用例:新增组件-组件名称不合规（非字母开头）】
2021-02-18 20:30:17,012 workbenchAdd.py[line:35]INFO - 【开始执行用例:新增组件-组件名称不合规（非字母开头）】
2021-02-18 20:30:17,028 workbenchAdd.py[line:40]INFO - 检查状态码为：{"code":60015}
2021-02-18 20:30:17,028 workbenchAdd.py[line:40]INFO - 检查状态码为：{"code":60015}
2021-02-18 20:30:17,028 workbenchAdd.py[line:40]INFO - 检查状态码为：{"code":60015}
2021-02-18 20:30:17,028 workbenchAdd.py[line:40]INFO - 检查状态码为：{"code":60015}
2021-02-18 20:30:17,028 workbenchAdd.py[line:40]INFO - 检查状态码为：{"code":60015}
2021-02-18 20:30:17,028 workbenchAdd.py[line:40]INFO - 检查状态码为：{"code":60015}
2021-02-18 20:30:17,028 workbenchAdd.py[line:40]INFO - 检查状态码为：{"code":60015}
2021-02-18 20:30:17,028 workbenchAdd.py[line:40]INFO - 检查状态码为：{"code":60015}
2021-02-18 20:30:17,028 workbenchAdd.py[line:40]INFO - 检查状态码为：{"code":60015}
2021-02-18 20:30:17,028 workbenchAdd.py[line:40]INFO - 检查状态码为：{"code":60015}
2021-02-18 20:30:17,028 workbenchAdd.py[line:40]INFO - 检查状态码为：{"code":60015}
2021-02-18 20:30:17,028 workbenchAdd.py[line:40]INFO - 检查状态码为：{"code":60015}
2021-02-18 20:30:17,028 workbenchAdd.py[line:40]INFO - 检查状态码为：{"code":60015}
2021-02-18 20:30:17,028 workbenchAdd.py[line:40]INFO - 检查状态码为：{"code":60015}
2021-02-18 20:30:17,028 workbenchAdd.py[line:40]INFO - 检查状态码为：{"code":60015}
2021-02-18 20:30:17,028 workbenchAdd.py[line:40]INFO - 检查状态码为：{"code":60015}
2021-02-18 20:30:17,046 workbenchAdd.py[line:41]INFO - 检查返回信息为：{“message":"部件编码格式不正确"}
2021-02-18 20:30:17,046 workbenchAdd.py[line:41]INFO - 检查返回信息为：{“message":"部件编码格式不正确"}
2021-02-18 20:30:17,046 workbenchAdd.py[line:41]INFO - 检查返回信息为：{“message":"部件编码格式不正确"}
2021-02-18 20:30:17,046 workbenchAdd.py[line:41]INFO - 检查返回信息为：{“message":"部件编码格式不正确"}
2021-02-18 20:30:17,046 workbenchAdd.py[line:41]INFO - 检查返回信息为：{“message":"部件编码格式不正确"}
2021-02-18 20:30:17,046 workbenchAdd.py[line:41]INFO - 检查返回信息为：{“message":"部件编码格式不正确"}
2021-02-18 20:30:17,046 workbenchAdd.py[line:41]INFO - 检查返回信息为：{“message":"部件编码格式不正确"}
2021-02-18 20:30:17,046 workbenchAdd.py[line:41]INFO - 检查返回信息为：{“message":"部件编码格式不正确"}
2021-02-18 20:30:17,046 workbenchAdd.py[line:41]INFO - 检查返回信息为：{“message":"部件编码格式不正确"}
2021-02-18 20:30:17,046 workbenchAdd.py[line:41]INFO - 检查返回信息为：{“message":"部件编码格式不正确"}
2021-02-18 20:30:17,046 workbenchAdd.py[line:41]INFO - 检查返回信息为：{“message":"部件编码格式不正确"}
2021-02-18 20:30:17,046 workbenchAdd.py[line:41]INFO - 检查返回信息为：{“message":"部件编码格式不正确"}
2021-02-18 20:30:17,046 workbenchAdd.py[line:41]INFO - 检查返回信息为：{“message":"部件编码格式不正确"}
2021-02-18 20:30:17,046 workbenchAdd.py[line:41]INFO - 检查返回信息为：{“message":"部件编码格式不正确"}
2021-02-18 20:30:17,046 workbenchAdd.py[line:41]INFO - 检查返回信息为：{“message":"部件编码格式不正确"}
2021-02-18 20:30:17,046 workbenchAdd.py[line:41]INFO - 检查返回信息为：{“message":"部件编码格式不正确"}
2021-02-18 20:30:17,090 workbenchAdd.py[line:35]INFO - 【开始执行用例:新增组件-描述200字符边界值校验】
2021-02-18 20:30:17,090 workbenchAdd.py[line:35]INFO - 【开始执行用例:新增组件-描述200字符边界值校验】
2021-02-18 20:30:17,090 workbenchAdd.py[line:35]INFO - 【开始执行用例:新增组件-描述200字符边界值校验】
2021-02-18 20:30:17,090 workbenchAdd.py[line:35]INFO - 【开始执行用例:新增组件-描述200字符边界值校验】
2021-02-18 20:30:17,090 workbenchAdd.py[line:35]INFO - 【开始执行用例:新增组件-描述200字符边界值校验】
2021-02-18 20:30:17,090 workbenchAdd.py[line:35]INFO - 【开始执行用例:新增组件-描述200字符边界值校验】
2021-02-18 20:30:17,090 workbenchAdd.py[line:35]INFO - 【开始执行用例:新增组件-描述200字符边界值校验】
2021-02-18 20:30:17,090 workbenchAdd.py[line:35]INFO - 【开始执行用例:新增组件-描述200字符边界值校验】
2021-02-18 20:30:17,090 workbenchAdd.py[line:35]INFO - 【开始执行用例:新增组件-描述200字符边界值校验】
2021-02-18 20:30:17,090 workbenchAdd.py[line:35]INFO - 【开始执行用例:新增组件-描述200字符边界值校验】
2021-02-18 20:30:17,090 workbenchAdd.py[line:35]INFO - 【开始执行用例:新增组件-描述200字符边界值校验】
2021-02-18 20:30:17,090 workbenchAdd.py[line:35]INFO - 【开始执行用例:新增组件-描述200字符边界值校验】
2021-02-18 20:30:17,090 workbenchAdd.py[line:35]INFO - 【开始执行用例:新增组件-描述200字符边界值校验】
2021-02-18 20:30:17,090 workbenchAdd.py[line:35]INFO - 【开始执行用例:新增组件-描述200字符边界值校验】
2021-02-18 20:30:17,090 workbenchAdd.py[line:35]INFO - 【开始执行用例:新增组件-描述200字符边界值校验】
2021-02-18 20:30:17,090 workbenchAdd.py[line:35]INFO - 【开始执行用例:新增组件-描述200字符边界值校验】
2021-02-18 20:30:17,105 workbenchAdd.py[line:40]INFO - 检查状态码为：{"code":500}
2021-02-18 20:30:17,105 workbenchAdd.py[line:40]INFO - 检查状态码为：{"code":500}
2021-02-18 20:30:17,105 workbenchAdd.py[line:40]INFO - 检查状态码为：{"code":500}
2021-02-18 20:30:17,105 workbenchAdd.py[line:40]INFO - 检查状态码为：{"code":500}
2021-02-18 20:30:17,105 workbenchAdd.py[line:40]INFO - 检查状态码为：{"code":500}
2021-02-18 20:30:17,105 workbenchAdd.py[line:40]INFO - 检查状态码为：{"code":500}
2021-02-18 20:30:17,105 workbenchAdd.py[line:40]INFO - 检查状态码为：{"code":500}
2021-02-18 20:30:17,105 workbenchAdd.py[line:40]INFO - 检查状态码为：{"code":500}
2021-02-18 20:30:17,105 workbenchAdd.py[line:40]INFO - 检查状态码为：{"code":500}
2021-02-18 20:30:17,105 workbenchAdd.py[line:40]INFO - 检查状态码为：{"code":500}
2021-02-18 20:30:17,105 workbenchAdd.py[line:40]INFO - 检查状态码为：{"code":500}
2021-02-18 20:30:17,105 workbenchAdd.py[line:40]INFO - 检查状态码为：{"code":500}
2021-02-18 20:30:17,105 workbenchAdd.py[line:40]INFO - 检查状态码为：{"code":500}
2021-02-18 20:30:17,105 workbenchAdd.py[line:40]INFO - 检查状态码为：{"code":500}
2021-02-18 20:30:17,105 workbenchAdd.py[line:40]INFO - 检查状态码为：{"code":500}
2021-02-18 20:30:17,105 workbenchAdd.py[line:40]INFO - 检查状态码为：{"code":500}
2021-02-18 20:30:17,142 workbenchAdd.py[line:41]INFO - 检查返回信息为：
2021-02-18 20:30:17,142 workbenchAdd.py[line:41]INFO - 检查返回信息为：
2021-02-18 20:30:17,142 workbenchAdd.py[line:41]INFO - 检查返回信息为：
2021-02-18 20:30:17,142 workbenchAdd.py[line:41]INFO - 检查返回信息为：
2021-02-18 20:30:17,142 workbenchAdd.py[line:41]INFO - 检查返回信息为：
2021-02-18 20:30:17,142 workbenchAdd.py[line:41]INFO - 检查返回信息为：
2021-02-18 20:30:17,142 workbenchAdd.py[line:41]INFO - 检查返回信息为：
2021-02-18 20:30:17,142 workbenchAdd.py[line:41]INFO - 检查返回信息为：
2021-02-18 20:30:17,142 workbenchAdd.py[line:41]INFO - 检查返回信息为：
2021-02-18 20:30:17,142 workbenchAdd.py[line:41]INFO - 检查返回信息为：
2021-02-18 20:30:17,142 workbenchAdd.py[line:41]INFO - 检查返回信息为：
2021-02-18 20:30:17,142 workbenchAdd.py[line:41]INFO - 检查返回信息为：
2021-02-18 20:30:17,142 workbenchAdd.py[line:41]INFO - 检查返回信息为：
2021-02-18 20:30:17,142 workbenchAdd.py[line:41]INFO - 检查返回信息为：
2021-02-18 20:30:17,142 workbenchAdd.py[line:41]INFO - 检查返回信息为：
2021-02-18 20:30:17,142 workbenchAdd.py[line:41]INFO - 检查返回信息为：
