2021-02-19 19:55:48,738 workbenchAdd.py[line:38]INFO - 【开始执行用例:新增组件-组件名称为空】
2021-02-19 19:55:48,738 workbenchAdd.py[line:38]INFO - 【开始执行用例:新增组件-组件名称为空】
2021-02-19 19:55:48,741 workbenchAdd.py[line:43]INFO - 检查状态码为：{"code":60008}
2021-02-19 19:55:48,741 workbenchAdd.py[line:43]INFO - 检查状态码为：{"code":60008}
2021-02-19 19:55:48,742 workbenchAdd.py[line:44]INFO - 检查返回信息为：{"message":"部件名称不能为空"}
2021-02-19 19:55:48,742 workbenchAdd.py[line:44]INFO - 检查返回信息为：{"message":"部件名称不能为空"}
2021-02-19 19:55:48,762 workbenchAdd.py[line:38]INFO - 【开始执行用例:新增组件-组件编码为空】
2021-02-19 19:55:48,762 workbenchAdd.py[line:38]INFO - 【开始执行用例:新增组件-组件编码为空】
2021-02-19 19:55:48,762 workbenchAdd.py[line:43]INFO - 检查状态码为：{"code":60010}
2021-02-19 19:55:48,762 workbenchAdd.py[line:43]INFO - 检查状态码为：{"code":60010}
2021-02-19 19:55:48,762 workbenchAdd.py[line:44]INFO - 检查返回信息为：{"message":"部件编码不能为空"}
2021-02-19 19:55:48,762 workbenchAdd.py[line:44]INFO - 检查返回信息为：{"message":"部件编码不能为空"}
2021-02-19 19:55:48,768 workbenchAdd.py[line:38]INFO - 【开始执行用例:新增组件-组件内容为空】
2021-02-19 19:55:48,768 workbenchAdd.py[line:38]INFO - 【开始执行用例:新增组件-组件内容为空】
2021-02-19 19:55:48,768 workbenchAdd.py[line:43]INFO - 检查状态码为：{"code":60009}
2021-02-19 19:55:48,768 workbenchAdd.py[line:43]INFO - 检查状态码为：{"code":60009}
2021-02-19 19:55:48,768 workbenchAdd.py[line:44]INFO - 检查返回信息为：{"message":"内容url不能为空"}
2021-02-19 19:55:48,768 workbenchAdd.py[line:44]INFO - 检查返回信息为：{"message":"内容url不能为空"}
2021-02-19 19:55:48,778 workbenchAdd.py[line:38]INFO - 【开始执行用例:新增组件-组件组件类型为空】
2021-02-19 19:55:48,778 workbenchAdd.py[line:38]INFO - 【开始执行用例:新增组件-组件组件类型为空】
2021-02-19 19:55:48,778 workbenchAdd.py[line:43]INFO - 检查状态码为：{"code":60013}
2021-02-19 19:55:48,778 workbenchAdd.py[line:43]INFO - 检查状态码为：{"code":60013}
2021-02-19 19:55:48,778 workbenchAdd.py[line:44]INFO - 检查返回信息为：{"message":"部件规格分类不能为空"}
2021-02-19 19:55:48,778 workbenchAdd.py[line:44]INFO - 检查返回信息为：{"message":"部件规格分类不能为空"}
2021-02-19 19:55:48,793 workbenchAdd.py[line:38]INFO - 【开始执行用例:新增组件-新增成功】
2021-02-19 19:55:48,793 workbenchAdd.py[line:38]INFO - 【开始执行用例:新增组件-新增成功】
2021-02-19 19:55:48,793 workbenchAdd.py[line:43]INFO - 检查状态码为：{"code":200}
2021-02-19 19:55:48,793 workbenchAdd.py[line:43]INFO - 检查状态码为：{"code":200}
2021-02-19 19:55:48,793 workbenchAdd.py[line:44]INFO - 检查返回信息为：
2021-02-19 19:55:48,793 workbenchAdd.py[line:44]INFO - 检查返回信息为：
2021-02-19 19:55:48,809 workbenchAdd.py[line:38]INFO - 【开始执行用例:新增组件-组件名称重复】
2021-02-19 19:55:48,809 workbenchAdd.py[line:38]INFO - 【开始执行用例:新增组件-组件名称重复】
2021-02-19 19:55:48,809 workbenchAdd.py[line:43]INFO - 检查状态码为：{"code":60017,}
2021-02-19 19:55:48,809 workbenchAdd.py[line:43]INFO - 检查状态码为：{"code":60017,}
2021-02-19 19:55:48,809 workbenchAdd.py[line:44]INFO - 检查返回信息为：{"message":"相同名称的部件在当前产品中已存在"}
2021-02-19 19:55:48,809 workbenchAdd.py[line:44]INFO - 检查返回信息为：{"message":"相同名称的部件在当前产品中已存在"}
2021-02-19 19:55:48,826 workbenchAdd.py[line:38]INFO - 【开始执行用例:新增组件-组件名称重复】
2021-02-19 19:55:48,826 workbenchAdd.py[line:38]INFO - 【开始执行用例:新增组件-组件名称重复】
2021-02-19 19:55:48,826 workbenchAdd.py[line:43]INFO - 检查状态码为：{"code":60018}
2021-02-19 19:55:48,826 workbenchAdd.py[line:43]INFO - 检查状态码为：{"code":60018}
2021-02-19 19:55:48,826 workbenchAdd.py[line:44]INFO - 检查返回信息为：{"message":"相同编码的部件已存在"}
2021-02-19 19:55:48,826 workbenchAdd.py[line:44]INFO - 检查返回信息为：{"message":"相同编码的部件已存在"}
2021-02-19 19:55:48,841 workbenchAdd.py[line:38]INFO - 【开始执行用例:新增组件-组件名称全局唯一】
2021-02-19 19:55:48,841 workbenchAdd.py[line:38]INFO - 【开始执行用例:新增组件-组件名称全局唯一】
2021-02-19 19:55:48,841 workbenchAdd.py[line:43]INFO - 检查状态码为：{"code":60019}
2021-02-19 19:55:48,841 workbenchAdd.py[line:43]INFO - 检查状态码为：{"code":60019}
2021-02-19 19:55:48,841 workbenchAdd.py[line:44]INFO - 检查返回信息为：{"message":"相同编码的部件已存在"}
2021-02-19 19:55:48,841 workbenchAdd.py[line:44]INFO - 检查返回信息为：{"message":"相同编码的部件已存在"}
2021-02-19 19:55:48,856 workbenchAdd.py[line:38]INFO - 【开始执行用例:新增组件-组件名称边界值，下线】
2021-02-19 19:55:48,856 workbenchAdd.py[line:38]INFO - 【开始执行用例:新增组件-组件名称边界值，下线】
2021-02-19 19:55:48,856 workbenchAdd.py[line:43]INFO - 检查状态码为：{"code":60016}
2021-02-19 19:55:48,856 workbenchAdd.py[line:43]INFO - 检查状态码为：{"code":60016}
2021-02-19 19:55:48,856 workbenchAdd.py[line:44]INFO - 检查返回信息为：{“message":"部件名称格式不正确"}
2021-02-19 19:55:48,856 workbenchAdd.py[line:44]INFO - 检查返回信息为：{“message":"部件名称格式不正确"}
2021-02-19 19:55:48,872 workbenchAdd.py[line:38]INFO - 【开始执行用例:新增组件-组件名称边界值，上线】
2021-02-19 19:55:48,872 workbenchAdd.py[line:38]INFO - 【开始执行用例:新增组件-组件名称边界值，上线】
2021-02-19 19:55:48,872 workbenchAdd.py[line:43]INFO - 检查状态码为：{"code":60016}
2021-02-19 19:55:48,872 workbenchAdd.py[line:43]INFO - 检查状态码为：{"code":60016}
2021-02-19 19:55:48,872 workbenchAdd.py[line:44]INFO - 检查返回信息为：{“message":"部件名称格式不正确"}
2021-02-19 19:55:48,872 workbenchAdd.py[line:44]INFO - 检查返回信息为：{“message":"部件名称格式不正确"}
2021-02-19 19:55:48,888 workbenchAdd.py[line:38]INFO - 【开始执行用例:新增组件-组件名称不合规（非字母开头）】
2021-02-19 19:55:48,888 workbenchAdd.py[line:38]INFO - 【开始执行用例:新增组件-组件名称不合规（非字母开头）】
2021-02-19 19:55:48,888 workbenchAdd.py[line:43]INFO - 检查状态码为：{"code":60016}
2021-02-19 19:55:48,888 workbenchAdd.py[line:43]INFO - 检查状态码为：{"code":60016}
2021-02-19 19:55:48,888 workbenchAdd.py[line:44]INFO - 检查返回信息为：{“message":"部件名称格式不正确"}
2021-02-19 19:55:48,888 workbenchAdd.py[line:44]INFO - 检查返回信息为：{“message":"部件名称格式不正确"}
2021-02-19 19:55:48,903 workbenchAdd.py[line:38]INFO - 【开始执行用例:新增组件-组件名称不合规（非字母开头）】
2021-02-19 19:55:48,903 workbenchAdd.py[line:38]INFO - 【开始执行用例:新增组件-组件名称不合规（非字母开头）】
2021-02-19 19:55:48,903 workbenchAdd.py[line:43]INFO - 检查状态码为：{"code":60016}
2021-02-19 19:55:48,903 workbenchAdd.py[line:43]INFO - 检查状态码为：{"code":60016}
2021-02-19 19:55:48,903 workbenchAdd.py[line:44]INFO - 检查返回信息为：{“message":"部件名称格式不正确"}
2021-02-19 19:55:48,903 workbenchAdd.py[line:44]INFO - 检查返回信息为：{“message":"部件名称格式不正确"}
2021-02-19 19:55:48,918 workbenchAdd.py[line:38]INFO - 【开始执行用例:新增组件-组件编码边界值，下线】
2021-02-19 19:55:48,918 workbenchAdd.py[line:38]INFO - 【开始执行用例:新增组件-组件编码边界值，下线】
2021-02-19 19:55:48,919 workbenchAdd.py[line:43]INFO - 检查状态码为：{"code":60015}
2021-02-19 19:55:48,919 workbenchAdd.py[line:43]INFO - 检查状态码为：{"code":60015}
2021-02-19 19:55:48,919 workbenchAdd.py[line:44]INFO - 检查返回信息为：{“message":"部件编码格式不正确"}
2021-02-19 19:55:48,919 workbenchAdd.py[line:44]INFO - 检查返回信息为：{“message":"部件编码格式不正确"}
2021-02-19 19:55:48,934 workbenchAdd.py[line:38]INFO - 【开始执行用例:新增组件-组件名称边界值，上线】
2021-02-19 19:55:48,934 workbenchAdd.py[line:38]INFO - 【开始执行用例:新增组件-组件名称边界值，上线】
2021-02-19 19:55:48,934 workbenchAdd.py[line:43]INFO - 检查状态码为：{"code":60015}
2021-02-19 19:55:48,934 workbenchAdd.py[line:43]INFO - 检查状态码为：{"code":60015}
2021-02-19 19:55:48,934 workbenchAdd.py[line:44]INFO - 检查返回信息为：{“message":"部件编码格式不正确"}
2021-02-19 19:55:48,934 workbenchAdd.py[line:44]INFO - 检查返回信息为：{“message":"部件编码格式不正确"}
2021-02-19 19:55:48,950 workbenchAdd.py[line:38]INFO - 【开始执行用例:新增组件-组件名称不合规（非字母开头）】
2021-02-19 19:55:48,950 workbenchAdd.py[line:38]INFO - 【开始执行用例:新增组件-组件名称不合规（非字母开头）】
2021-02-19 19:55:48,950 workbenchAdd.py[line:43]INFO - 检查状态码为：{"code":60015}
2021-02-19 19:55:48,950 workbenchAdd.py[line:43]INFO - 检查状态码为：{"code":60015}
2021-02-19 19:55:48,950 workbenchAdd.py[line:44]INFO - 检查返回信息为：{“message":"部件编码格式不正确"}
2021-02-19 19:55:48,950 workbenchAdd.py[line:44]INFO - 检查返回信息为：{“message":"部件编码格式不正确"}
2021-02-19 19:55:48,965 workbenchAdd.py[line:38]INFO - 【开始执行用例:新增组件-组件名称不合规（非字母开头）】
2021-02-19 19:55:48,965 workbenchAdd.py[line:38]INFO - 【开始执行用例:新增组件-组件名称不合规（非字母开头）】
2021-02-19 19:55:48,965 workbenchAdd.py[line:43]INFO - 检查状态码为：{"code":60015}
2021-02-19 19:55:48,965 workbenchAdd.py[line:43]INFO - 检查状态码为：{"code":60015}
2021-02-19 19:55:48,965 workbenchAdd.py[line:44]INFO - 检查返回信息为：{“message":"部件编码格式不正确"}
2021-02-19 19:55:48,965 workbenchAdd.py[line:44]INFO - 检查返回信息为：{“message":"部件编码格式不正确"}
2021-02-19 19:55:48,981 workbenchAdd.py[line:38]INFO - 【开始执行用例:新增组件-描述200字符边界值校验】
2021-02-19 19:55:48,981 workbenchAdd.py[line:38]INFO - 【开始执行用例:新增组件-描述200字符边界值校验】
2021-02-19 19:55:48,981 workbenchAdd.py[line:43]INFO - 检查状态码为：{"code":500}
2021-02-19 19:55:48,981 workbenchAdd.py[line:43]INFO - 检查状态码为：{"code":500}
2021-02-19 19:55:48,981 workbenchAdd.py[line:44]INFO - 检查返回信息为：
2021-02-19 19:55:48,981 workbenchAdd.py[line:44]INFO - 检查返回信息为：
