2021-02-19 20:14:35,532 Authorizationhandler.py[line:47]INFO - {'success': True, 'data': {'bindMobile': True, 'multiAuth': False, 'mobileNumber': None, 'notifyNumber': '18500789646', 'secondaryType': None, 'bindMobileUrl': None, 'casLoginUrl': 'http://geip-fat.glodon.com/cas/login?type=SSO_TICKET&ticket=4f6cb8bf-70cc-4967-acb1-4c46a1ff66ae&service=http%3A%2F%2Fgeip-fat.glodon.com%2Fapi%2Fclient%2Fcas%2Fidentification%2Fauthenticate%3Ftype%3Dcas'}, 'errorMsg': None, 'message': None, 'errorCode': 0}
2021-02-19 20:14:35,532 Authorizationhandler.py[line:47]INFO - {'success': True, 'data': {'bindMobile': True, 'multiAuth': False, 'mobileNumber': None, 'notifyNumber': '18500789646', 'secondaryType': None, 'bindMobileUrl': None, 'casLoginUrl': 'http://geip-fat.glodon.com/cas/login?type=SSO_TICKET&ticket=4f6cb8bf-70cc-4967-acb1-4c46a1ff66ae&service=http%3A%2F%2Fgeip-fat.glodon.com%2Fapi%2Fclient%2Fcas%2Fidentification%2Fauthenticate%3Ftype%3Dcas'}, 'errorMsg': None, 'message': None, 'errorCode': 0}
2021-02-19 20:14:37,302 workbenchAdd.py[line:38]INFO - 【开始执行用例:新增组件-组件名称为空】
2021-02-19 20:14:37,302 workbenchAdd.py[line:38]INFO - 【开始执行用例:新增组件-组件名称为空】
2021-02-19 20:14:37,302 workbenchAdd.py[line:43]INFO - 检查状态码为：{"code":60008}
2021-02-19 20:14:37,302 workbenchAdd.py[line:43]INFO - 检查状态码为：{"code":60008}
2021-02-19 20:14:37,302 workbenchAdd.py[line:44]INFO - 检查返回信息为：{"message":"部件名称不能为空"}
2021-02-19 20:14:37,302 workbenchAdd.py[line:44]INFO - 检查返回信息为：{"message":"部件名称不能为空"}
2021-02-19 20:14:37,412 workbenchAdd.py[line:48]INFO - 返回内容为：{'code': 60008, 'message': '部件名称不能为空'}
2021-02-19 20:14:37,412 workbenchAdd.py[line:48]INFO - 返回内容为：{'code': 60008, 'message': '部件名称不能为空'}
2021-02-19 20:14:37,416 workbenchAdd.py[line:38]INFO - 【开始执行用例:新增组件-组件编码为空】
2021-02-19 20:14:37,416 workbenchAdd.py[line:38]INFO - 【开始执行用例:新增组件-组件编码为空】
2021-02-19 20:14:37,416 workbenchAdd.py[line:43]INFO - 检查状态码为：{"code":60010}
2021-02-19 20:14:37,416 workbenchAdd.py[line:43]INFO - 检查状态码为：{"code":60010}
2021-02-19 20:14:37,416 workbenchAdd.py[line:44]INFO - 检查返回信息为：{"message":"部件编码不能为空"}
2021-02-19 20:14:37,416 workbenchAdd.py[line:44]INFO - 检查返回信息为：{"message":"部件编码不能为空"}
2021-02-19 20:14:37,540 workbenchAdd.py[line:48]INFO - 返回内容为：{'code': 60010, 'message': '部件编码不能为空'}
2021-02-19 20:14:37,540 workbenchAdd.py[line:48]INFO - 返回内容为：{'code': 60010, 'message': '部件编码不能为空'}
2021-02-19 20:14:37,542 workbenchAdd.py[line:38]INFO - 【开始执行用例:新增组件-组件内容为空】
2021-02-19 20:14:37,542 workbenchAdd.py[line:38]INFO - 【开始执行用例:新增组件-组件内容为空】
2021-02-19 20:14:37,542 workbenchAdd.py[line:43]INFO - 检查状态码为：{"code":60009}
2021-02-19 20:14:37,542 workbenchAdd.py[line:43]INFO - 检查状态码为：{"code":60009}
2021-02-19 20:14:37,542 workbenchAdd.py[line:44]INFO - 检查返回信息为：{"message":"内容url不能为空"}
2021-02-19 20:14:37,542 workbenchAdd.py[line:44]INFO - 检查返回信息为：{"message":"内容url不能为空"}
2021-02-19 20:14:37,654 workbenchAdd.py[line:48]INFO - 返回内容为：{'code': 60009, 'message': '内容url不能为空'}
2021-02-19 20:14:37,654 workbenchAdd.py[line:48]INFO - 返回内容为：{'code': 60009, 'message': '内容url不能为空'}
2021-02-19 20:14:37,657 workbenchAdd.py[line:38]INFO - 【开始执行用例:新增组件-组件组件类型为空】
2021-02-19 20:14:37,657 workbenchAdd.py[line:38]INFO - 【开始执行用例:新增组件-组件组件类型为空】
2021-02-19 20:14:37,657 workbenchAdd.py[line:43]INFO - 检查状态码为：{"code":60013}
2021-02-19 20:14:37,657 workbenchAdd.py[line:43]INFO - 检查状态码为：{"code":60013}
2021-02-19 20:14:37,657 workbenchAdd.py[line:44]INFO - 检查返回信息为：{"message":"部件规格分类不能为空"}
2021-02-19 20:14:37,657 workbenchAdd.py[line:44]INFO - 检查返回信息为：{"message":"部件规格分类不能为空"}
2021-02-19 20:14:37,755 workbenchAdd.py[line:48]INFO - 返回内容为：{'code': 60013, 'message': '部件规格分类不能为空'}
2021-02-19 20:14:37,755 workbenchAdd.py[line:48]INFO - 返回内容为：{'code': 60013, 'message': '部件规格分类不能为空'}
2021-02-19 20:14:37,759 workbenchAdd.py[line:38]INFO - 【开始执行用例:新增组件-新增成功】
2021-02-19 20:14:37,759 workbenchAdd.py[line:38]INFO - 【开始执行用例:新增组件-新增成功】
2021-02-19 20:14:37,759 workbenchAdd.py[line:43]INFO - 检查状态码为：{"code":200}
2021-02-19 20:14:37,759 workbenchAdd.py[line:43]INFO - 检查状态码为：{"code":200}
2021-02-19 20:14:37,759 workbenchAdd.py[line:44]INFO - 检查返回信息为：
2021-02-19 20:14:37,759 workbenchAdd.py[line:44]INFO - 检查返回信息为：
2021-02-19 20:14:37,897 workbenchAdd.py[line:48]INFO - 返回内容为：{'code': 60017, 'message': '相同名称的部件在当前产品中已存在'}
2021-02-19 20:14:37,897 workbenchAdd.py[line:48]INFO - 返回内容为：{'code': 60017, 'message': '相同名称的部件在当前产品中已存在'}
2021-02-19 20:14:37,899 workbenchAdd.py[line:38]INFO - 【开始执行用例:新增组件-组件名称重复】
2021-02-19 20:14:37,899 workbenchAdd.py[line:38]INFO - 【开始执行用例:新增组件-组件名称重复】
2021-02-19 20:14:37,900 workbenchAdd.py[line:43]INFO - 检查状态码为：{"code":60017,}
2021-02-19 20:14:37,900 workbenchAdd.py[line:43]INFO - 检查状态码为：{"code":60017,}
2021-02-19 20:14:37,900 workbenchAdd.py[line:44]INFO - 检查返回信息为：{"message":"相同名称的部件在当前产品中已存在"}
2021-02-19 20:14:37,900 workbenchAdd.py[line:44]INFO - 检查返回信息为：{"message":"相同名称的部件在当前产品中已存在"}
2021-02-19 20:14:38,018 workbenchAdd.py[line:48]INFO - 返回内容为：{'code': 60016, 'message': '部件名称格式不正确'}
2021-02-19 20:14:38,018 workbenchAdd.py[line:48]INFO - 返回内容为：{'code': 60016, 'message': '部件名称格式不正确'}
2021-02-19 20:14:38,020 workbenchAdd.py[line:38]INFO - 【开始执行用例:新增组件-组件名称重复】
2021-02-19 20:14:38,020 workbenchAdd.py[line:38]INFO - 【开始执行用例:新增组件-组件名称重复】
2021-02-19 20:14:38,020 workbenchAdd.py[line:43]INFO - 检查状态码为：{"code":60018}
2021-02-19 20:14:38,020 workbenchAdd.py[line:43]INFO - 检查状态码为：{"code":60018}
2021-02-19 20:14:38,020 workbenchAdd.py[line:44]INFO - 检查返回信息为：{"message":"相同编码的部件已存在"}
2021-02-19 20:14:38,020 workbenchAdd.py[line:44]INFO - 检查返回信息为：{"message":"相同编码的部件已存在"}
2021-02-19 20:14:38,139 workbenchAdd.py[line:48]INFO - 返回内容为：{'code': 60016, 'message': '部件名称格式不正确'}
2021-02-19 20:14:38,139 workbenchAdd.py[line:48]INFO - 返回内容为：{'code': 60016, 'message': '部件名称格式不正确'}
2021-02-19 20:14:38,142 workbenchAdd.py[line:38]INFO - 【开始执行用例:新增组件-组件名称全局唯一】
2021-02-19 20:14:38,142 workbenchAdd.py[line:38]INFO - 【开始执行用例:新增组件-组件名称全局唯一】
2021-02-19 20:14:38,142 workbenchAdd.py[line:43]INFO - 检查状态码为：{"code":60019}
2021-02-19 20:14:38,142 workbenchAdd.py[line:43]INFO - 检查状态码为：{"code":60019}
2021-02-19 20:14:38,142 workbenchAdd.py[line:44]INFO - 检查返回信息为：{"message":"相同编码的部件已存在"}
2021-02-19 20:14:38,142 workbenchAdd.py[line:44]INFO - 检查返回信息为：{"message":"相同编码的部件已存在"}
2021-02-19 20:14:38,242 workbenchAdd.py[line:48]INFO - 返回内容为：{'code': 60016, 'message': '部件名称格式不正确'}
2021-02-19 20:14:38,242 workbenchAdd.py[line:48]INFO - 返回内容为：{'code': 60016, 'message': '部件名称格式不正确'}
2021-02-19 20:14:38,244 workbenchAdd.py[line:38]INFO - 【开始执行用例:新增组件-组件名称边界值，下线】
2021-02-19 20:14:38,244 workbenchAdd.py[line:38]INFO - 【开始执行用例:新增组件-组件名称边界值，下线】
2021-02-19 20:14:38,244 workbenchAdd.py[line:43]INFO - 检查状态码为：{"code":60016}
2021-02-19 20:14:38,244 workbenchAdd.py[line:43]INFO - 检查状态码为：{"code":60016}
2021-02-19 20:14:38,244 workbenchAdd.py[line:44]INFO - 检查返回信息为：{“message":"部件名称格式不正确"}
2021-02-19 20:14:38,244 workbenchAdd.py[line:44]INFO - 检查返回信息为：{“message":"部件名称格式不正确"}
2021-02-19 20:14:38,355 workbenchAdd.py[line:48]INFO - 返回内容为：{'code': 60016, 'message': '部件名称格式不正确'}
2021-02-19 20:14:38,355 workbenchAdd.py[line:48]INFO - 返回内容为：{'code': 60016, 'message': '部件名称格式不正确'}
2021-02-19 20:14:38,357 workbenchAdd.py[line:38]INFO - 【开始执行用例:新增组件-组件名称边界值，上线】
2021-02-19 20:14:38,357 workbenchAdd.py[line:38]INFO - 【开始执行用例:新增组件-组件名称边界值，上线】
2021-02-19 20:14:38,357 workbenchAdd.py[line:43]INFO - 检查状态码为：{"code":60016}
2021-02-19 20:14:38,357 workbenchAdd.py[line:43]INFO - 检查状态码为：{"code":60016}
2021-02-19 20:14:38,357 workbenchAdd.py[line:44]INFO - 检查返回信息为：{“message":"部件名称格式不正确"}
2021-02-19 20:14:38,357 workbenchAdd.py[line:44]INFO - 检查返回信息为：{“message":"部件名称格式不正确"}
2021-02-19 20:14:38,462 workbenchAdd.py[line:48]INFO - 返回内容为：{'code': 60016, 'message': '部件名称格式不正确'}
2021-02-19 20:14:38,462 workbenchAdd.py[line:48]INFO - 返回内容为：{'code': 60016, 'message': '部件名称格式不正确'}
2021-02-19 20:14:38,464 workbenchAdd.py[line:38]INFO - 【开始执行用例:新增组件-组件名称不合规（非字母开头）】
2021-02-19 20:14:38,464 workbenchAdd.py[line:38]INFO - 【开始执行用例:新增组件-组件名称不合规（非字母开头）】
2021-02-19 20:14:38,464 workbenchAdd.py[line:43]INFO - 检查状态码为：{"code":60016}
2021-02-19 20:14:38,464 workbenchAdd.py[line:43]INFO - 检查状态码为：{"code":60016}
2021-02-19 20:14:38,464 workbenchAdd.py[line:44]INFO - 检查返回信息为：{“message":"部件名称格式不正确"}
2021-02-19 20:14:38,464 workbenchAdd.py[line:44]INFO - 检查返回信息为：{“message":"部件名称格式不正确"}
2021-02-19 20:14:38,570 workbenchAdd.py[line:48]INFO - 返回内容为：{'code': 60016, 'message': '部件名称格式不正确'}
2021-02-19 20:14:38,570 workbenchAdd.py[line:48]INFO - 返回内容为：{'code': 60016, 'message': '部件名称格式不正确'}
2021-02-19 20:14:38,573 workbenchAdd.py[line:38]INFO - 【开始执行用例:新增组件-组件名称不合规（非字母开头）】
2021-02-19 20:14:38,573 workbenchAdd.py[line:38]INFO - 【开始执行用例:新增组件-组件名称不合规（非字母开头）】
2021-02-19 20:14:38,573 workbenchAdd.py[line:43]INFO - 检查状态码为：{"code":60016}
2021-02-19 20:14:38,573 workbenchAdd.py[line:43]INFO - 检查状态码为：{"code":60016}
2021-02-19 20:14:38,573 workbenchAdd.py[line:44]INFO - 检查返回信息为：{“message":"部件名称格式不正确"}
2021-02-19 20:14:38,573 workbenchAdd.py[line:44]INFO - 检查返回信息为：{“message":"部件名称格式不正确"}
2021-02-19 20:14:38,668 workbenchAdd.py[line:48]INFO - 返回内容为：{'code': 60016, 'message': '部件名称格式不正确'}
2021-02-19 20:14:38,668 workbenchAdd.py[line:48]INFO - 返回内容为：{'code': 60016, 'message': '部件名称格式不正确'}
2021-02-19 20:14:38,671 workbenchAdd.py[line:38]INFO - 【开始执行用例:新增组件-组件编码边界值，下线】
2021-02-19 20:14:38,671 workbenchAdd.py[line:38]INFO - 【开始执行用例:新增组件-组件编码边界值，下线】
2021-02-19 20:14:38,671 workbenchAdd.py[line:43]INFO - 检查状态码为：{"code":60015}
2021-02-19 20:14:38,671 workbenchAdd.py[line:43]INFO - 检查状态码为：{"code":60015}
2021-02-19 20:14:38,671 workbenchAdd.py[line:44]INFO - 检查返回信息为：{“message":"部件编码格式不正确"}
2021-02-19 20:14:38,671 workbenchAdd.py[line:44]INFO - 检查返回信息为：{“message":"部件编码格式不正确"}
2021-02-19 20:14:38,780 workbenchAdd.py[line:48]INFO - 返回内容为：{'code': 60015, 'message': '部件编码格式不正确'}
2021-02-19 20:14:38,780 workbenchAdd.py[line:48]INFO - 返回内容为：{'code': 60015, 'message': '部件编码格式不正确'}
2021-02-19 20:14:38,782 workbenchAdd.py[line:38]INFO - 【开始执行用例:新增组件-组件名称边界值，上线】
2021-02-19 20:14:38,782 workbenchAdd.py[line:38]INFO - 【开始执行用例:新增组件-组件名称边界值，上线】
2021-02-19 20:14:38,783 workbenchAdd.py[line:43]INFO - 检查状态码为：{"code":60015}
2021-02-19 20:14:38,783 workbenchAdd.py[line:43]INFO - 检查状态码为：{"code":60015}
2021-02-19 20:14:38,783 workbenchAdd.py[line:44]INFO - 检查返回信息为：{“message":"部件编码格式不正确"}
2021-02-19 20:14:38,783 workbenchAdd.py[line:44]INFO - 检查返回信息为：{“message":"部件编码格式不正确"}
2021-02-19 20:14:38,886 workbenchAdd.py[line:48]INFO - 返回内容为：{'code': 60015, 'message': '部件编码格式不正确'}
2021-02-19 20:14:38,886 workbenchAdd.py[line:48]INFO - 返回内容为：{'code': 60015, 'message': '部件编码格式不正确'}
2021-02-19 20:14:38,888 workbenchAdd.py[line:38]INFO - 【开始执行用例:新增组件-组件名称不合规（非字母开头）】
2021-02-19 20:14:38,888 workbenchAdd.py[line:38]INFO - 【开始执行用例:新增组件-组件名称不合规（非字母开头）】
2021-02-19 20:14:38,888 workbenchAdd.py[line:43]INFO - 检查状态码为：{"code":60015}
2021-02-19 20:14:38,888 workbenchAdd.py[line:43]INFO - 检查状态码为：{"code":60015}
2021-02-19 20:14:38,888 workbenchAdd.py[line:44]INFO - 检查返回信息为：{“message":"部件编码格式不正确"}
2021-02-19 20:14:38,888 workbenchAdd.py[line:44]INFO - 检查返回信息为：{“message":"部件编码格式不正确"}
2021-02-19 20:14:38,994 workbenchAdd.py[line:48]INFO - 返回内容为：{'code': 60015, 'message': '部件编码格式不正确'}
2021-02-19 20:14:38,994 workbenchAdd.py[line:48]INFO - 返回内容为：{'code': 60015, 'message': '部件编码格式不正确'}
2021-02-19 20:14:38,996 workbenchAdd.py[line:38]INFO - 【开始执行用例:新增组件-组件名称不合规（非字母开头）】
2021-02-19 20:14:38,996 workbenchAdd.py[line:38]INFO - 【开始执行用例:新增组件-组件名称不合规（非字母开头）】
2021-02-19 20:14:38,996 workbenchAdd.py[line:43]INFO - 检查状态码为：{"code":60015}
2021-02-19 20:14:38,996 workbenchAdd.py[line:43]INFO - 检查状态码为：{"code":60015}
2021-02-19 20:14:38,996 workbenchAdd.py[line:44]INFO - 检查返回信息为：{“message":"部件编码格式不正确"}
2021-02-19 20:14:38,996 workbenchAdd.py[line:44]INFO - 检查返回信息为：{“message":"部件编码格式不正确"}
2021-02-19 20:14:39,112 workbenchAdd.py[line:48]INFO - 返回内容为：{'code': 60015, 'message': '部件编码格式不正确'}
2021-02-19 20:14:39,112 workbenchAdd.py[line:48]INFO - 返回内容为：{'code': 60015, 'message': '部件编码格式不正确'}
2021-02-19 20:14:39,113 workbenchAdd.py[line:38]INFO - 【开始执行用例:新增组件-描述200字符边界值校验】
2021-02-19 20:14:39,113 workbenchAdd.py[line:38]INFO - 【开始执行用例:新增组件-描述200字符边界值校验】
2021-02-19 20:14:39,113 workbenchAdd.py[line:43]INFO - 检查状态码为：{"code":500}
2021-02-19 20:14:39,113 workbenchAdd.py[line:43]INFO - 检查状态码为：{"code":500}
2021-02-19 20:14:39,113 workbenchAdd.py[line:44]INFO - 检查返回信息为：
2021-02-19 20:14:39,113 workbenchAdd.py[line:44]INFO - 检查返回信息为：
2021-02-19 20:14:39,213 workbenchAdd.py[line:48]INFO - 返回内容为：{'code': 60015, 'message': '部件编码格式不正确'}
2021-02-19 20:14:39,213 workbenchAdd.py[line:48]INFO - 返回内容为：{'code': 60015, 'message': '部件编码格式不正确'}
